c:\users\capmaster\desktop\agp\agp\debug\vc140.pdb
c:\users\capmaster\desktop\agp\agp\debug\vc140.idb
c:\users\capmaster\desktop\agp\agp\debug\main.obj
c:\users\capmaster\desktop\agp\agp\debug\camera.obj
c:\users\capmaster\desktop\agp\agp\debug\text2d.obj
c:\users\capmaster\desktop\agp\agp\debug\model.obj
c:\users\capmaster\desktop\agp\agp\debug\objfilemodel.obj
c:\users\capmaster\desktop\agp\debug\agp.ilk
c:\users\capmaster\desktop\agp\debug\agp.exe
c:\users\capmaster\desktop\agp\debug\agp.pdb
c:\users\capmaster\desktop\agp\agp\debug\agp.tlog\agp.write.1u.tlog
c:\users\capmaster\desktop\agp\agp\debug\agp.tlog\cl.command.1.tlog
c:\users\capmaster\desktop\agp\agp\debug\agp.tlog\cl.read.1.tlog
c:\users\capmaster\desktop\agp\agp\debug\agp.tlog\cl.write.1.tlog
c:\users\capmaster\desktop\agp\agp\debug\agp.tlog\fxc.command.1.tlog
c:\users\capmaster\desktop\agp\agp\debug\agp.tlog\fxc.read.1.tlog
c:\users\capmaster\desktop\agp\agp\debug\agp.tlog\fxc.write.1.tlog
c:\users\capmaster\desktop\agp\agp\debug\agp.tlog\link.command.1.tlog
c:\users\capmaster\desktop\agp\agp\debug\agp.tlog\link.read.1.tlog
c:\users\capmaster\desktop\agp\agp\debug\agp.tlog\link.write.1.tlog
